Started GET "/" for ::1 at 2026-01-09 22:36:04 -0500
  
ActiveRecord::ConnectionNotEstablished (connection to server on socket "/tmp/.s.PGSQL.5432" failed: No such file or directory
	Is the server running locally and accepting connections on that socket?
)
Caused by: PG::ConnectionBad (connection to server on socket "/tmp/.s.PGSQL.5432" failed: No such file or directory
	Is the server running locally and accepting connections on that socket?
)

Information for: ActiveRecord::ConnectionNotEstablished (connection to server on socket "/tmp/.s.PGSQL.5432" failed: No such file or directory
	Is the server running locally and accepting connections on that socket?
):
  
activerecord (8.1.2) lib/active_record/connection_adapters/postgresql_adapter.rb:69:in 'ActiveRecord::ConnectionAdapters::PostgreSQLAdapter.new_client'
activerecord (8.1.2) lib/active_record/connection_adapters/postgresql_adapter.rb:960:in 'ActiveRecord::ConnectionAdapters::PostgreSQLAdapter#connect'
activerecord (8.1.2) lib/active_record/connection_adapters/postgresql_adapter.rb:972:in 'ActiveRecord::ConnectionAdapters::PostgreSQLAdapter#reconnect'
activerecord (8.1.2) lib/active_record/connection_adapters/abstract_adapter.rb:719:in 'block (2 levels) in ActiveRecord::ConnectionAdapters::AbstractAdapter#reconnect!'
activerecord (8.1.2) lib/active_record/connection_adapters/abstract_adapter.rb:1290:in 'ActiveRecord::ConnectionAdapters::AbstractAdapter#attempt_configure_connection'
activerecord (8.1.2) lib/active_record/connection_adapters/abstract_adapter.rb:716:in 'block in ActiveRecord::ConnectionAdapters::AbstractAdapter#reconnect!'
activesupport (8.1.2) lib/active_support/concurrency/null_lock.rb:9:in 'ActiveSupport::Concurrency::NullLock#synchronize'
activerecord (8.1.2) lib/active_record/connection_adapters/abstract_adapter.rb:715:in 'ActiveRecord::ConnectionAdapters::AbstractAdapter#reconnect!'
activerecord (8.1.2) lib/active_record/connection_adapters/abstract_adapter.rb:830:in 'block in ActiveRecord::ConnectionAdapters::AbstractAdapter#verify!'
activesupport (8.1.2) lib/active_support/concurrency/null_lock.rb:9:in 'ActiveSupport::Concurrency::NullLock#synchronize'
activerecord (8.1.2) lib/active_record/connection_adapters/abstract_adapter.rb:817:in 'ActiveRecord::ConnectionAdapters::AbstractAdapter#verify!'
activerecord (8.1.2) lib/active_record/connection_adapters/abstract_adapter.rb:839:in 'ActiveRecord::ConnectionAdapters::AbstractAdapter#connect!'
activerecord (8.1.2) lib/active_record/connection_adapters/abstract_adapter.rb:1056:in 'block in ActiveRecord::ConnectionAdapters::AbstractAdapter#with_raw_connection'
activesupport (8.1.2) lib/active_support/concurrency/null_lock.rb:9:in 'ActiveSupport::Concurrency::NullLock#synchronize'
activerecord (8.1.2) lib/active_record/connection_adapters/abstract_adapter.rb:1055:in 'ActiveRecord::ConnectionAdapters::AbstractAdapter#with_raw_connection'
activerecord (8.1.2) lib/active_record/connection_adapters/postgresql/quoting.rb:128:in 'ActiveRecord::ConnectionAdapters::PostgreSQL::Quoting#quote_string'
activerecord (8.1.2) lib/active_record/connection_adapters/abstract/quoting.rb:75:in 'ActiveRecord::ConnectionAdapters::Quoting#quote'
activerecord (8.1.2) lib/active_record/connection_adapters/postgresql/quoting.rb:122:in 'ActiveRecord::ConnectionAdapters::PostgreSQL::Quoting#quote'
activerecord (8.1.2) lib/active_record/connection_adapters/postgresql/schema_statements.rb:1180:in 'ActiveRecord::ConnectionAdapters::PostgreSQL::SchemaStatements#quoted_scope'
activerecord (8.1.2) lib/active_record/connection_adapters/postgresql/schema_statements.rb:1157:in 'ActiveRecord::ConnectionAdapters::PostgreSQL::SchemaStatements#data_source_sql'
activerecord (8.1.2) lib/active_record/connection_adapters/abstract/schema_statements.rb:61:in 'ActiveRecord::ConnectionAdapters::SchemaStatements#table_exists?'
activerecord (8.1.2) lib/active_record/schema_migration.rb:55:in 'block in ActiveRecord::SchemaMigration#create_table'
activerecord (8.1.2) lib/active_record/connection_adapters/abstract/connection_pool.rb:463:in 'ActiveRecord::ConnectionAdapters::ConnectionPool#with_connection'
activerecord (8.1.2) lib/active_record/schema_migration.rb:54:in 'ActiveRecord::SchemaMigration#create_table'
activerecord (8.1.2) lib/active_record/migration.rb:1440:in 'ActiveRecord::Migrator#initialize'
activerecord (8.1.2) lib/active_record/migration.rb:1288:in 'ActiveRecord::MigrationContext#open'
activerecord (8.1.2) lib/active_record/migration.rb:763:in 'block (2 levels) in ActiveRecord::Migration.pending_migrations'
activerecord (8.1.2) lib/active_record/migration/pending_migration_connection.rb:8:in 'ActiveRecord::PendingMigrationConnection.with_temporary_pool'
activerecord (8.1.2) lib/active_record/migration.rb:762:in 'block in ActiveRecord::Migration.pending_migrations'
activerecord (8.1.2) lib/active_record/migration.rb:761:in 'Array#each'
activerecord (8.1.2) lib/active_record/migration.rb:761:in 'ActiveRecord::Migration.pending_migrations'
activerecord (8.1.2) lib/active_record/migration.rb:740:in 'ActiveRecord::Migration.check_pending_migrations'
activerecord (8.1.2) lib/active_record/migration.rb:660:in 'block (2 levels) in ActiveRecord::Migration::CheckPending#call'
activesupport (8.1.2) lib/active_support/file_update_checker.rb:88:in 'ActiveSupport::FileUpdateChecker#execute'
activerecord (8.1.2) lib/active_record/migration.rb:665:in 'block in ActiveRecord::Migration::CheckPending#call'
activerecord (8.1.2) lib/active_record/migration.rb:657:in 'Thread::Mutex#synchronize'
activerecord (8.1.2) lib/active_record/migration.rb:657:in 'ActiveRecord::Migration::CheckPending#call'
actionpack (8.1.2) lib/action_dispatch/middleware/callbacks.rb:31:in 'block in ActionDispatch::Callbacks#call'
activesupport (8.1.2) lib/active_support/callbacks.rb:101:in 'ActiveSupport::Callbacks#run_callbacks'
actionpack (8.1.2) lib/action_dispatch/middleware/callbacks.rb:30:in 'ActionDispatch::Callbacks#call'
actionpack (8.1.2) lib/action_dispatch/middleware/executor.rb:20:in 'ActionDispatch::Executor#call'
actionpack (8.1.2) lib/action_dispatch/middleware/actionable_exceptions.rb:18:in 'ActionDispatch::ActionableExceptions#call'
actionpack (8.1.2) lib/action_dispatch/middleware/debug_exceptions.rb:31:in 'ActionDispatch::DebugExceptions#call'
actionpack (8.1.2) lib/action_dispatch/middleware/show_exceptions.rb:32:in 'ActionDispatch::ShowExceptions#call'
railties (8.1.2) lib/rails/rack/logger.rb:41:in 'Rails::Rack::Logger#call_app'
railties (8.1.2) lib/rails/rack/logger.rb:29:in 'Rails::Rack::Logger#call'
actionpack (8.1.2) lib/action_dispatch/middleware/remote_ip.rb:98:in 'ActionDispatch::RemoteIp#call'
actionpack (8.1.2) lib/action_dispatch/middleware/request_id.rb:34:in 'ActionDispatch::RequestId#call'
rack (3.2.4) lib/rack/runtime.rb:24:in 'Rack::Runtime#call'
activesupport (8.1.2) lib/active_support/cache/strategy/local_cache_middleware.rb:30:in 'ActiveSupport::Cache::Strategy::LocalCache::Middleware#call'
actionpack (8.1.2) lib/action_dispatch/middleware/server_timing.rb:61:in 'block in ActionDispatch::ServerTiming#call'
actionpack (8.1.2) lib/action_dispatch/middleware/server_timing.rb:26:in 'ActionDispatch::ServerTiming::Subscriber#collect_events'
actionpack (8.1.2) lib/action_dispatch/middleware/server_timing.rb:60:in 'ActionDispatch::ServerTiming#call'
actionpack (8.1.2) lib/action_dispatch/middleware/executor.rb:20:in 'ActionDispatch::Executor#call'
actionpack (8.1.2) lib/action_dispatch/middleware/static.rb:27:in 'ActionDispatch::Static#call'
rack (3.2.4) lib/rack/sendfile.rb:131:in 'Rack::Sendfile#call'
actionpack (8.1.2) lib/action_dispatch/middleware/host_authorization.rb:143:in 'ActionDispatch::HostAuthorization#call'
railties (8.1.2) lib/rails/engine.rb:534:in 'Rails::Engine#call'
puma (7.1.0) lib/puma/configuration.rb:300:in 'Puma::Configuration::ConfigMiddleware#call'
puma (7.1.0) lib/puma/request.rb:101:in 'block in Puma::Request#handle_request'
puma (7.1.0) lib/puma/thread_pool.rb:355:in 'Puma::ThreadPool#with_force_shutdown'
puma (7.1.0) lib/puma/request.rb:100:in 'Puma::Request#handle_request'
puma (7.1.0) lib/puma/server.rb:503:in 'Puma::Server#process_client'
puma (7.1.0) lib/puma/server.rb:262:in 'block in Puma::Server#run'
puma (7.1.0) lib/puma/thread_pool.rb:182:in 'block in Puma::ThreadPool#spawn_thread'

Information for cause: PG::ConnectionBad (connection to server on socket "/tmp/.s.PGSQL.5432" failed: No such file or directory
	Is the server running locally and accepting connections on that socket?
):
  
pg-1.6.3-arm64 (darwin) lib/pg/connection.rb:944:in 'PG::Connection.connect_start'
pg-1.6.3-arm64 (darwin) lib/pg/connection.rb:944:in 'PG::Connection.connect_to_hosts'
pg-1.6.3-arm64 (darwin) lib/pg/connection.rb:871:in 'PG::Connection.new'
pg-1.6.3-arm64 (darwin) lib/pg.rb:88:in 'PG.connect'
activerecord (8.1.2) lib/active_record/connection_adapters/postgresql_adapter.rb:58:in 'ActiveRecord::ConnectionAdapters::PostgreSQLAdapter.new_client'
activerecord (8.1.2) lib/active_record/connection_adapters/postgresql_adapter.rb:960:in 'ActiveRecord::ConnectionAdapters::PostgreSQLAdapter#connect'
activerecord (8.1.2) lib/active_record/connection_adapters/postgresql_adapter.rb:972:in 'ActiveRecord::ConnectionAdapters::PostgreSQLAdapter#reconnect'
activerecord (8.1.2) lib/active_record/connection_adapters/abstract_adapter.rb:719:in 'block (2 levels) in ActiveRecord::ConnectionAdapters::AbstractAdapter#reconnect!'
activerecord (8.1.2) lib/active_record/connection_adapters/abstract_adapter.rb:1290:in 'ActiveRecord::ConnectionAdapters::AbstractAdapter#attempt_configure_connection'
activerecord (8.1.2) lib/active_record/connection_adapters/abstract_adapter.rb:716:in 'block in ActiveRecord::ConnectionAdapters::AbstractAdapter#reconnect!'
activesupport (8.1.2) lib/active_support/concurrency/null_lock.rb:9:in 'ActiveSupport::Concurrency::NullLock#synchronize'
activerecord (8.1.2) lib/active_record/connection_adapters/abstract_adapter.rb:715:in 'ActiveRecord::ConnectionAdapters::AbstractAdapter#reconnect!'
activerecord (8.1.2) lib/active_record/connection_adapters/abstract_adapter.rb:830:in 'block in ActiveRecord::ConnectionAdapters::AbstractAdapter#verify!'
activesupport (8.1.2) lib/active_support/concurrency/null_lock.rb:9:in 'ActiveSupport::Concurrency::NullLock#synchronize'
activerecord (8.1.2) lib/active_record/connection_adapters/abstract_adapter.rb:817:in 'ActiveRecord::ConnectionAdapters::AbstractAdapter#verify!'
activerecord (8.1.2) lib/active_record/connection_adapters/abstract_adapter.rb:839:in 'ActiveRecord::ConnectionAdapters::AbstractAdapter#connect!'
activerecord (8.1.2) lib/active_record/connection_adapters/abstract_adapter.rb:1056:in 'block in ActiveRecord::ConnectionAdapters::AbstractAdapter#with_raw_connection'
activesupport (8.1.2) lib/active_support/concurrency/null_lock.rb:9:in 'ActiveSupport::Concurrency::NullLock#synchronize'
activerecord (8.1.2) lib/active_record/connection_adapters/abstract_adapter.rb:1055:in 'ActiveRecord::ConnectionAdapters::AbstractAdapter#with_raw_connection'
activerecord (8.1.2) lib/active_record/connection_adapters/postgresql/quoting.rb:128:in 'ActiveRecord::ConnectionAdapters::PostgreSQL::Quoting#quote_string'
activerecord (8.1.2) lib/active_record/connection_adapters/abstract/quoting.rb:75:in 'ActiveRecord::ConnectionAdapters::Quoting#quote'
activerecord (8.1.2) lib/active_record/connection_adapters/postgresql/quoting.rb:122:in 'ActiveRecord::ConnectionAdapters::PostgreSQL::Quoting#quote'
activerecord (8.1.2) lib/active_record/connection_adapters/postgresql/schema_statements.rb:1180:in 'ActiveRecord::ConnectionAdapters::PostgreSQL::SchemaStatements#quoted_scope'
activerecord (8.1.2) lib/active_record/connection_adapters/postgresql/schema_statements.rb:1157:in 'ActiveRecord::ConnectionAdapters::PostgreSQL::SchemaStatements#data_source_sql'
activerecord (8.1.2) lib/active_record/connection_adapters/abstract/schema_statements.rb:61:in 'ActiveRecord::ConnectionAdapters::SchemaStatements#table_exists?'
activerecord (8.1.2) lib/active_record/schema_migration.rb:55:in 'block in ActiveRecord::SchemaMigration#create_table'
activerecord (8.1.2) lib/active_record/connection_adapters/abstract/connection_pool.rb:463:in 'ActiveRecord::ConnectionAdapters::ConnectionPool#with_connection'
activerecord (8.1.2) lib/active_record/schema_migration.rb:54:in 'ActiveRecord::SchemaMigration#create_table'
activerecord (8.1.2) lib/active_record/migration.rb:1440:in 'ActiveRecord::Migrator#initialize'
activerecord (8.1.2) lib/active_record/migration.rb:1288:in 'ActiveRecord::MigrationContext#open'
activerecord (8.1.2) lib/active_record/migration.rb:763:in 'block (2 levels) in ActiveRecord::Migration.pending_migrations'
activerecord (8.1.2) lib/active_record/migration/pending_migration_connection.rb:8:in 'ActiveRecord::PendingMigrationConnection.with_temporary_pool'
activerecord (8.1.2) lib/active_record/migration.rb:762:in 'block in ActiveRecord::Migration.pending_migrations'
activerecord (8.1.2) lib/active_record/migration.rb:761:in 'Array#each'
activerecord (8.1.2) lib/active_record/migration.rb:761:in 'ActiveRecord::Migration.pending_migrations'
activerecord (8.1.2) lib/active_record/migration.rb:740:in 'ActiveRecord::Migration.check_pending_migrations'
activerecord (8.1.2) lib/active_record/migration.rb:660:in 'block (2 levels) in ActiveRecord::Migration::CheckPending#call'
activesupport (8.1.2) lib/active_support/file_update_checker.rb:88:in 'ActiveSupport::FileUpdateChecker#execute'
activerecord (8.1.2) lib/active_record/migration.rb:665:in 'block in ActiveRecord::Migration::CheckPending#call'
activerecord (8.1.2) lib/active_record/migration.rb:657:in 'Thread::Mutex#synchronize'
activerecord (8.1.2) lib/active_record/migration.rb:657:in 'ActiveRecord::Migration::CheckPending#call'
actionpack (8.1.2) lib/action_dispatch/middleware/callbacks.rb:31:in 'block in ActionDispatch::Callbacks#call'
activesupport (8.1.2) lib/active_support/callbacks.rb:101:in 'ActiveSupport::Callbacks#run_callbacks'
actionpack (8.1.2) lib/action_dispatch/middleware/callbacks.rb:30:in 'ActionDispatch::Callbacks#call'
actionpack (8.1.2) lib/action_dispatch/middleware/executor.rb:20:in 'ActionDispatch::Executor#call'
actionpack (8.1.2) lib/action_dispatch/middleware/actionable_exceptions.rb:18:in 'ActionDispatch::ActionableExceptions#call'
actionpack (8.1.2) lib/action_dispatch/middleware/debug_exceptions.rb:31:in 'ActionDispatch::DebugExceptions#call'
actionpack (8.1.2) lib/action_dispatch/middleware/show_exceptions.rb:32:in 'ActionDispatch::ShowExceptions#call'
railties (8.1.2) lib/rails/rack/logger.rb:41:in 'Rails::Rack::Logger#call_app'
railties (8.1.2) lib/rails/rack/logger.rb:29:in 'Rails::Rack::Logger#call'
actionpack (8.1.2) lib/action_dispatch/middleware/remote_ip.rb:98:in 'ActionDispatch::RemoteIp#call'
actionpack (8.1.2) lib/action_dispatch/middleware/request_id.rb:34:in 'ActionDispatch::RequestId#call'
rack (3.2.4) lib/rack/runtime.rb:24:in 'Rack::Runtime#call'
activesupport (8.1.2) lib/active_support/cache/strategy/local_cache_middleware.rb:30:in 'ActiveSupport::Cache::Strategy::LocalCache::Middleware#call'
actionpack (8.1.2) lib/action_dispatch/middleware/server_timing.rb:61:in 'block in ActionDispatch::ServerTiming#call'
actionpack (8.1.2) lib/action_dispatch/middleware/server_timing.rb:26:in 'ActionDispatch::ServerTiming::Subscriber#collect_events'
actionpack (8.1.2) lib/action_dispatch/middleware/server_timing.rb:60:in 'ActionDispatch::ServerTiming#call'
actionpack (8.1.2) lib/action_dispatch/middleware/executor.rb:20:in 'ActionDispatch::Executor#call'
actionpack (8.1.2) lib/action_dispatch/middleware/static.rb:27:in 'ActionDispatch::Static#call'
rack (3.2.4) lib/rack/sendfile.rb:131:in 'Rack::Sendfile#call'
actionpack (8.1.2) lib/action_dispatch/middleware/host_authorization.rb:143:in 'ActionDispatch::HostAuthorization#call'
railties (8.1.2) lib/rails/engine.rb:534:in 'Rails::Engine#call'
puma (7.1.0) lib/puma/configuration.rb:300:in 'Puma::Configuration::ConfigMiddleware#call'
puma (7.1.0) lib/puma/request.rb:101:in 'block in Puma::Request#handle_request'
puma (7.1.0) lib/puma/thread_pool.rb:355:in 'Puma::ThreadPool#with_force_shutdown'
puma (7.1.0) lib/puma/request.rb:100:in 'Puma::Request#handle_request'
puma (7.1.0) lib/puma/server.rb:503:in 'Puma::Server#process_client'
puma (7.1.0) lib/puma/server.rb:262:in 'block in Puma::Server#run'
puma (7.1.0) lib/puma/thread_pool.rb:182:in 'block in Puma::ThreadPool#spawn_thread'
Started GET "/favicon.ico" for ::1 at 2026-01-09 22:36:05 -0500
  
ActiveRecord::ConnectionNotEstablished (connection to server on socket "/tmp/.s.PGSQL.5432" failed: No such file or directory
	Is the server running locally and accepting connections on that socket?
)
Caused by: PG::ConnectionBad (connection to server on socket "/tmp/.s.PGSQL.5432" failed: No such file or directory
	Is the server running locally and accepting connections on that socket?
)

Information for: ActiveRecord::ConnectionNotEstablished (connection to server on socket "/tmp/.s.PGSQL.5432" failed: No such file or directory
	Is the server running locally and accepting connections on that socket?
):
  
activerecord (8.1.2) lib/active_record/connection_adapters/postgresql_adapter.rb:69:in 'ActiveRecord::ConnectionAdapters::PostgreSQLAdapter.new_client'
activerecord (8.1.2) lib/active_record/connection_adapters/postgresql_adapter.rb:960:in 'ActiveRecord::ConnectionAdapters::PostgreSQLAdapter#connect'
activerecord (8.1.2) lib/active_record/connection_adapters/postgresql_adapter.rb:972:in 'ActiveRecord::ConnectionAdapters::PostgreSQLAdapter#reconnect'
activerecord (8.1.2) lib/active_record/connection_adapters/abstract_adapter.rb:719:in 'block (2 levels) in ActiveRecord::ConnectionAdapters::AbstractAdapter#reconnect!'
activerecord (8.1.2) lib/active_record/connection_adapters/abstract_adapter.rb:1290:in 'ActiveRecord::ConnectionAdapters::AbstractAdapter#attempt_configure_connection'
activerecord (8.1.2) lib/active_record/connection_adapters/abstract_adapter.rb:716:in 'block in ActiveRecord::ConnectionAdapters::AbstractAdapter#reconnect!'
activesupport (8.1.2) lib/active_support/concurrency/null_lock.rb:9:in 'ActiveSupport::Concurrency::NullLock#synchronize'
activerecord (8.1.2) lib/active_record/connection_adapters/abstract_adapter.rb:715:in 'ActiveRecord::ConnectionAdapters::AbstractAdapter#reconnect!'
activerecord (8.1.2) lib/active_record/connection_adapters/abstract_adapter.rb:830:in 'block in ActiveRecord::ConnectionAdapters::AbstractAdapter#verify!'
activesupport (8.1.2) lib/active_support/concurrency/null_lock.rb:9:in 'ActiveSupport::Concurrency::NullLock#synchronize'
activerecord (8.1.2) lib/active_record/connection_adapters/abstract_adapter.rb:817:in 'ActiveRecord::ConnectionAdapters::AbstractAdapter#verify!'
activerecord (8.1.2) lib/active_record/connection_adapters/abstract_adapter.rb:839:in 'ActiveRecord::ConnectionAdapters::AbstractAdapter#connect!'
activerecord (8.1.2) lib/active_record/connection_adapters/abstract_adapter.rb:1056:in 'block in ActiveRecord::ConnectionAdapters::AbstractAdapter#with_raw_connection'
activesupport (8.1.2) lib/active_support/concurrency/null_lock.rb:9:in 'ActiveSupport::Concurrency::NullLock#synchronize'
activerecord (8.1.2) lib/active_record/connection_adapters/abstract_adapter.rb:1055:in 'ActiveRecord::ConnectionAdapters::AbstractAdapter#with_raw_connection'
activerecord (8.1.2) lib/active_record/connection_adapters/postgresql/quoting.rb:128:in 'ActiveRecord::ConnectionAdapters::PostgreSQL::Quoting#quote_string'
activerecord (8.1.2) lib/active_record/connection_adapters/abstract/quoting.rb:75:in 'ActiveRecord::ConnectionAdapters::Quoting#quote'
activerecord (8.1.2) lib/active_record/connection_adapters/postgresql/quoting.rb:122:in 'ActiveRecord::ConnectionAdapters::PostgreSQL::Quoting#quote'
activerecord (8.1.2) lib/active_record/connection_adapters/postgresql/schema_statements.rb:1180:in 'ActiveRecord::ConnectionAdapters::PostgreSQL::SchemaStatements#quoted_scope'
activerecord (8.1.2) lib/active_record/connection_adapters/postgresql/schema_statements.rb:1157:in 'ActiveRecord::ConnectionAdapters::PostgreSQL::SchemaStatements#data_source_sql'
activerecord (8.1.2) lib/active_record/connection_adapters/abstract/schema_statements.rb:61:in 'ActiveRecord::ConnectionAdapters::SchemaStatements#table_exists?'
activerecord (8.1.2) lib/active_record/schema_migration.rb:55:in 'block in ActiveRecord::SchemaMigration#create_table'
activerecord (8.1.2) lib/active_record/connection_adapters/abstract/connection_pool.rb:463:in 'ActiveRecord::ConnectionAdapters::ConnectionPool#with_connection'
activerecord (8.1.2) lib/active_record/schema_migration.rb:54:in 'ActiveRecord::SchemaMigration#create_table'
activerecord (8.1.2) lib/active_record/migration.rb:1440:in 'ActiveRecord::Migrator#initialize'
activerecord (8.1.2) lib/active_record/migration.rb:1288:in 'ActiveRecord::MigrationContext#open'
activerecord (8.1.2) lib/active_record/migration.rb:763:in 'block (2 levels) in ActiveRecord::Migration.pending_migrations'
activerecord (8.1.2) lib/active_record/migration/pending_migration_connection.rb:8:in 'ActiveRecord::PendingMigrationConnection.with_temporary_pool'
activerecord (8.1.2) lib/active_record/migration.rb:762:in 'block in ActiveRecord::Migration.pending_migrations'
activerecord (8.1.2) lib/active_record/migration.rb:761:in 'Array#each'
activerecord (8.1.2) lib/active_record/migration.rb:761:in 'ActiveRecord::Migration.pending_migrations'
activerecord (8.1.2) lib/active_record/migration.rb:740:in 'ActiveRecord::Migration.check_pending_migrations'
activerecord (8.1.2) lib/active_record/migration.rb:660:in 'block (2 levels) in ActiveRecord::Migration::CheckPending#call'
activesupport (8.1.2) lib/active_support/file_update_checker.rb:88:in 'ActiveSupport::FileUpdateChecker#execute'
activerecord (8.1.2) lib/active_record/migration.rb:665:in 'block in ActiveRecord::Migration::CheckPending#call'
activerecord (8.1.2) lib/active_record/migration.rb:657:in 'Thread::Mutex#synchronize'
activerecord (8.1.2) lib/active_record/migration.rb:657:in 'ActiveRecord::Migration::CheckPending#call'
actionpack (8.1.2) lib/action_dispatch/middleware/callbacks.rb:31:in 'block in ActionDispatch::Callbacks#call'
activesupport (8.1.2) lib/active_support/callbacks.rb:101:in 'ActiveSupport::Callbacks#run_callbacks'
actionpack (8.1.2) lib/action_dispatch/middleware/callbacks.rb:30:in 'ActionDispatch::Callbacks#call'
actionpack (8.1.2) lib/action_dispatch/middleware/executor.rb:20:in 'ActionDispatch::Executor#call'
actionpack (8.1.2) lib/action_dispatch/middleware/actionable_exceptions.rb:18:in 'ActionDispatch::ActionableExceptions#call'
actionpack (8.1.2) lib/action_dispatch/middleware/debug_exceptions.rb:31:in 'ActionDispatch::DebugExceptions#call'
actionpack (8.1.2) lib/action_dispatch/middleware/show_exceptions.rb:32:in 'ActionDispatch::ShowExceptions#call'
railties (8.1.2) lib/rails/rack/logger.rb:41:in 'Rails::Rack::Logger#call_app'
railties (8.1.2) lib/rails/rack/logger.rb:29:in 'Rails::Rack::Logger#call'
actionpack (8.1.2) lib/action_dispatch/middleware/remote_ip.rb:98:in 'ActionDispatch::RemoteIp#call'
actionpack (8.1.2) lib/action_dispatch/middleware/request_id.rb:34:in 'ActionDispatch::RequestId#call'
rack (3.2.4) lib/rack/runtime.rb:24:in 'Rack::Runtime#call'
activesupport (8.1.2) lib/active_support/cache/strategy/local_cache_middleware.rb:30:in 'ActiveSupport::Cache::Strategy::LocalCache::Middleware#call'
actionpack (8.1.2) lib/action_dispatch/middleware/server_timing.rb:61:in 'block in ActionDispatch::ServerTiming#call'
actionpack (8.1.2) lib/action_dispatch/middleware/server_timing.rb:26:in 'ActionDispatch::ServerTiming::Subscriber#collect_events'
actionpack (8.1.2) lib/action_dispatch/middleware/server_timing.rb:60:in 'ActionDispatch::ServerTiming#call'
actionpack (8.1.2) lib/action_dispatch/middleware/executor.rb:20:in 'ActionDispatch::Executor#call'
actionpack (8.1.2) lib/action_dispatch/middleware/static.rb:27:in 'ActionDispatch::Static#call'
rack (3.2.4) lib/rack/sendfile.rb:131:in 'Rack::Sendfile#call'
actionpack (8.1.2) lib/action_dispatch/middleware/host_authorization.rb:143:in 'ActionDispatch::HostAuthorization#call'
railties (8.1.2) lib/rails/engine.rb:534:in 'Rails::Engine#call'
puma (7.1.0) lib/puma/configuration.rb:300:in 'Puma::Configuration::ConfigMiddleware#call'
puma (7.1.0) lib/puma/request.rb:101:in 'block in Puma::Request#handle_request'
puma (7.1.0) lib/puma/thread_pool.rb:355:in 'Puma::ThreadPool#with_force_shutdown'
puma (7.1.0) lib/puma/request.rb:100:in 'Puma::Request#handle_request'
puma (7.1.0) lib/puma/server.rb:503:in 'Puma::Server#process_client'
puma (7.1.0) lib/puma/server.rb:262:in 'block in Puma::Server#run'
puma (7.1.0) lib/puma/thread_pool.rb:182:in 'block in Puma::ThreadPool#spawn_thread'

Information for cause: PG::ConnectionBad (connection to server on socket "/tmp/.s.PGSQL.5432" failed: No such file or directory
	Is the server running locally and accepting connections on that socket?
):
  
pg-1.6.3-arm64 (darwin) lib/pg/connection.rb:944:in 'PG::Connection.connect_start'
pg-1.6.3-arm64 (darwin) lib/pg/connection.rb:944:in 'PG::Connection.connect_to_hosts'
pg-1.6.3-arm64 (darwin) lib/pg/connection.rb:871:in 'PG::Connection.new'
pg-1.6.3-arm64 (darwin) lib/pg.rb:88:in 'PG.connect'
activerecord (8.1.2) lib/active_record/connection_adapters/postgresql_adapter.rb:58:in 'ActiveRecord::ConnectionAdapters::PostgreSQLAdapter.new_client'
activerecord (8.1.2) lib/active_record/connection_adapters/postgresql_adapter.rb:960:in 'ActiveRecord::ConnectionAdapters::PostgreSQLAdapter#connect'
activerecord (8.1.2) lib/active_record/connection_adapters/postgresql_adapter.rb:972:in 'ActiveRecord::ConnectionAdapters::PostgreSQLAdapter#reconnect'
activerecord (8.1.2) lib/active_record/connection_adapters/abstract_adapter.rb:719:in 'block (2 levels) in ActiveRecord::ConnectionAdapters::AbstractAdapter#reconnect!'
activerecord (8.1.2) lib/active_record/connection_adapters/abstract_adapter.rb:1290:in 'ActiveRecord::ConnectionAdapters::AbstractAdapter#attempt_configure_connection'
activerecord (8.1.2) lib/active_record/connection_adapters/abstract_adapter.rb:716:in 'block in ActiveRecord::ConnectionAdapters::AbstractAdapter#reconnect!'
activesupport (8.1.2) lib/active_support/concurrency/null_lock.rb:9:in 'ActiveSupport::Concurrency::NullLock#synchronize'
activerecord (8.1.2) lib/active_record/connection_adapters/abstract_adapter.rb:715:in 'ActiveRecord::ConnectionAdapters::AbstractAdapter#reconnect!'
activerecord (8.1.2) lib/active_record/connection_adapters/abstract_adapter.rb:830:in 'block in ActiveRecord::ConnectionAdapters::AbstractAdapter#verify!'
activesupport (8.1.2) lib/active_support/concurrency/null_lock.rb:9:in 'ActiveSupport::Concurrency::NullLock#synchronize'
activerecord (8.1.2) lib/active_record/connection_adapters/abstract_adapter.rb:817:in 'ActiveRecord::ConnectionAdapters::AbstractAdapter#verify!'
activerecord (8.1.2) lib/active_record/connection_adapters/abstract_adapter.rb:839:in 'ActiveRecord::ConnectionAdapters::AbstractAdapter#connect!'
activerecord (8.1.2) lib/active_record/connection_adapters/abstract_adapter.rb:1056:in 'block in ActiveRecord::ConnectionAdapters::AbstractAdapter#with_raw_connection'
activesupport (8.1.2) lib/active_support/concurrency/null_lock.rb:9:in 'ActiveSupport::Concurrency::NullLock#synchronize'
activerecord (8.1.2) lib/active_record/connection_adapters/abstract_adapter.rb:1055:in 'ActiveRecord::ConnectionAdapters::AbstractAdapter#with_raw_connection'
activerecord (8.1.2) lib/active_record/connection_adapters/postgresql/quoting.rb:128:in 'ActiveRecord::ConnectionAdapters::PostgreSQL::Quoting#quote_string'
activerecord (8.1.2) lib/active_record/connection_adapters/abstract/quoting.rb:75:in 'ActiveRecord::ConnectionAdapters::Quoting#quote'
activerecord (8.1.2) lib/active_record/connection_adapters/postgresql/quoting.rb:122:in 'ActiveRecord::ConnectionAdapters::PostgreSQL::Quoting#quote'
activerecord (8.1.2) lib/active_record/connection_adapters/postgresql/schema_statements.rb:1180:in 'ActiveRecord::ConnectionAdapters::PostgreSQL::SchemaStatements#quoted_scope'
activerecord (8.1.2) lib/active_record/connection_adapters/postgresql/schema_statements.rb:1157:in 'ActiveRecord::ConnectionAdapters::PostgreSQL::SchemaStatements#data_source_sql'
activerecord (8.1.2) lib/active_record/connection_adapters/abstract/schema_statements.rb:61:in 'ActiveRecord::ConnectionAdapters::SchemaStatements#table_exists?'
activerecord (8.1.2) lib/active_record/schema_migration.rb:55:in 'block in ActiveRecord::SchemaMigration#create_table'
activerecord (8.1.2) lib/active_record/connection_adapters/abstract/connection_pool.rb:463:in 'ActiveRecord::ConnectionAdapters::ConnectionPool#with_connection'
activerecord (8.1.2) lib/active_record/schema_migration.rb:54:in 'ActiveRecord::SchemaMigration#create_table'
activerecord (8.1.2) lib/active_record/migration.rb:1440:in 'ActiveRecord::Migrator#initialize'
activerecord (8.1.2) lib/active_record/migration.rb:1288:in 'ActiveRecord::MigrationContext#open'
activerecord (8.1.2) lib/active_record/migration.rb:763:in 'block (2 levels) in ActiveRecord::Migration.pending_migrations'
activerecord (8.1.2) lib/active_record/migration/pending_migration_connection.rb:8:in 'ActiveRecord::PendingMigrationConnection.with_temporary_pool'
activerecord (8.1.2) lib/active_record/migration.rb:762:in 'block in ActiveRecord::Migration.pending_migrations'
activerecord (8.1.2) lib/active_record/migration.rb:761:in 'Array#each'
activerecord (8.1.2) lib/active_record/migration.rb:761:in 'ActiveRecord::Migration.pending_migrations'
activerecord (8.1.2) lib/active_record/migration.rb:740:in 'ActiveRecord::Migration.check_pending_migrations'
activerecord (8.1.2) lib/active_record/migration.rb:660:in 'block (2 levels) in ActiveRecord::Migration::CheckPending#call'
activesupport (8.1.2) lib/active_support/file_update_checker.rb:88:in 'ActiveSupport::FileUpdateChecker#execute'
activerecord (8.1.2) lib/active_record/migration.rb:665:in 'block in ActiveRecord::Migration::CheckPending#call'
activerecord (8.1.2) lib/active_record/migration.rb:657:in 'Thread::Mutex#synchronize'
activerecord (8.1.2) lib/active_record/migration.rb:657:in 'ActiveRecord::Migration::CheckPending#call'
actionpack (8.1.2) lib/action_dispatch/middleware/callbacks.rb:31:in 'block in ActionDispatch::Callbacks#call'
activesupport (8.1.2) lib/active_support/callbacks.rb:101:in 'ActiveSupport::Callbacks#run_callbacks'
actionpack (8.1.2) lib/action_dispatch/middleware/callbacks.rb:30:in 'ActionDispatch::Callbacks#call'
actionpack (8.1.2) lib/action_dispatch/middleware/executor.rb:20:in 'ActionDispatch::Executor#call'
actionpack (8.1.2) lib/action_dispatch/middleware/actionable_exceptions.rb:18:in 'ActionDispatch::ActionableExceptions#call'
actionpack (8.1.2) lib/action_dispatch/middleware/debug_exceptions.rb:31:in 'ActionDispatch::DebugExceptions#call'
actionpack (8.1.2) lib/action_dispatch/middleware/show_exceptions.rb:32:in 'ActionDispatch::ShowExceptions#call'
railties (8.1.2) lib/rails/rack/logger.rb:41:in 'Rails::Rack::Logger#call_app'
railties (8.1.2) lib/rails/rack/logger.rb:29:in 'Rails::Rack::Logger#call'
actionpack (8.1.2) lib/action_dispatch/middleware/remote_ip.rb:98:in 'ActionDispatch::RemoteIp#call'
actionpack (8.1.2) lib/action_dispatch/middleware/request_id.rb:34:in 'ActionDispatch::RequestId#call'
rack (3.2.4) lib/rack/runtime.rb:24:in 'Rack::Runtime#call'
activesupport (8.1.2) lib/active_support/cache/strategy/local_cache_middleware.rb:30:in 'ActiveSupport::Cache::Strategy::LocalCache::Middleware#call'
actionpack (8.1.2) lib/action_dispatch/middleware/server_timing.rb:61:in 'block in ActionDispatch::ServerTiming#call'
actionpack (8.1.2) lib/action_dispatch/middleware/server_timing.rb:26:in 'ActionDispatch::ServerTiming::Subscriber#collect_events'
actionpack (8.1.2) lib/action_dispatch/middleware/server_timing.rb:60:in 'ActionDispatch::ServerTiming#call'
actionpack (8.1.2) lib/action_dispatch/middleware/executor.rb:20:in 'ActionDispatch::Executor#call'
actionpack (8.1.2) lib/action_dispatch/middleware/static.rb:27:in 'ActionDispatch::Static#call'
rack (3.2.4) lib/rack/sendfile.rb:131:in 'Rack::Sendfile#call'
actionpack (8.1.2) lib/action_dispatch/middleware/host_authorization.rb:143:in 'ActionDispatch::HostAuthorization#call'
railties (8.1.2) lib/rails/engine.rb:534:in 'Rails::Engine#call'
puma (7.1.0) lib/puma/configuration.rb:300:in 'Puma::Configuration::ConfigMiddleware#call'
puma (7.1.0) lib/puma/request.rb:101:in 'block in Puma::Request#handle_request'
puma (7.1.0) lib/puma/thread_pool.rb:355:in 'Puma::ThreadPool#with_force_shutdown'
puma (7.1.0) lib/puma/request.rb:100:in 'Puma::Request#handle_request'
puma (7.1.0) lib/puma/server.rb:503:in 'Puma::Server#process_client'
puma (7.1.0) lib/puma/server.rb:262:in 'block in Puma::Server#run'
puma (7.1.0) lib/puma/thread_pool.rb:182:in 'block in Puma::ThreadPool#spawn_thread'
Started GET "/" for ::1 at 2026-01-09 22:41:11 -0500
  
ActiveRecord::NoDatabaseError (Database not found: backend_development. Available database configurations can be found in config/database.yml.

To resolve this error:

- Create the database by running:

    bin/rails db:create

- Verify that config/database.yml contains the correct database name.
)
Caused by: PG::ConnectionBad (connection to server on socket "/tmp/.s.PGSQL.5432" failed: FATAL:  database "backend_development" does not exist
)

Information for: ActiveRecord::NoDatabaseError (Database not found: backend_development. Available database configurations can be found in config/database.yml.

To resolve this error:

- Create the database by running:

    bin/rails db:create

- Verify that config/database.yml contains the correct database name.
):
  
activerecord (8.1.2) lib/active_record/connection_adapters/postgresql_adapter.rb:63:in 'ActiveRecord::ConnectionAdapters::PostgreSQLAdapter.new_client'
activerecord (8.1.2) lib/active_record/connection_adapters/postgresql_adapter.rb:960:in 'ActiveRecord::ConnectionAdapters::PostgreSQLAdapter#connect'
activerecord (8.1.2) lib/active_record/connection_adapters/postgresql_adapter.rb:972:in 'ActiveRecord::ConnectionAdapters::PostgreSQLAdapter#reconnect'
activerecord (8.1.2) lib/active_record/connection_adapters/abstract_adapter.rb:719:in 'block (2 levels) in ActiveRecord::ConnectionAdapters::AbstractAdapter#reconnect!'
activerecord (8.1.2) lib/active_record/connection_adapters/abstract_adapter.rb:1290:in 'ActiveRecord::ConnectionAdapters::AbstractAdapter#attempt_configure_connection'
activerecord (8.1.2) lib/active_record/connection_adapters/abstract_adapter.rb:716:in 'block in ActiveRecord::ConnectionAdapters::AbstractAdapter#reconnect!'
activesupport (8.1.2) lib/active_support/concurrency/null_lock.rb:9:in 'ActiveSupport::Concurrency::NullLock#synchronize'
activerecord (8.1.2) lib/active_record/connection_adapters/abstract_adapter.rb:715:in 'ActiveRecord::ConnectionAdapters::AbstractAdapter#reconnect!'
activerecord (8.1.2) lib/active_record/connection_adapters/abstract_adapter.rb:830:in 'block in ActiveRecord::ConnectionAdapters::AbstractAdapter#verify!'
activesupport (8.1.2) lib/active_support/concurrency/null_lock.rb:9:in 'ActiveSupport::Concurrency::NullLock#synchronize'
activerecord (8.1.2) lib/active_record/connection_adapters/abstract_adapter.rb:817:in 'ActiveRecord::ConnectionAdapters::AbstractAdapter#verify!'
activerecord (8.1.2) lib/active_record/connection_adapters/abstract_adapter.rb:839:in 'ActiveRecord::ConnectionAdapters::AbstractAdapter#connect!'
activerecord (8.1.2) lib/active_record/connection_adapters/abstract_adapter.rb:1056:in 'block in ActiveRecord::ConnectionAdapters::AbstractAdapter#with_raw_connection'
activesupport (8.1.2) lib/active_support/concurrency/null_lock.rb:9:in 'ActiveSupport::Concurrency::NullLock#synchronize'
activerecord (8.1.2) lib/active_record/connection_adapters/abstract_adapter.rb:1055:in 'ActiveRecord::ConnectionAdapters::AbstractAdapter#with_raw_connection'
activerecord (8.1.2) lib/active_record/connection_adapters/postgresql/quoting.rb:128:in 'ActiveRecord::ConnectionAdapters::PostgreSQL::Quoting#quote_string'
activerecord (8.1.2) lib/active_record/connection_adapters/abstract/quoting.rb:75:in 'ActiveRecord::ConnectionAdapters::Quoting#quote'
activerecord (8.1.2) lib/active_record/connection_adapters/postgresql/quoting.rb:122:in 'ActiveRecord::ConnectionAdapters::PostgreSQL::Quoting#quote'
activerecord (8.1.2) lib/active_record/connection_adapters/postgresql/schema_statements.rb:1180:in 'ActiveRecord::ConnectionAdapters::PostgreSQL::SchemaStatements#quoted_scope'
activerecord (8.1.2) lib/active_record/connection_adapters/postgresql/schema_statements.rb:1157:in 'ActiveRecord::ConnectionAdapters::PostgreSQL::SchemaStatements#data_source_sql'
activerecord (8.1.2) lib/active_record/connection_adapters/abstract/schema_statements.rb:61:in 'ActiveRecord::ConnectionAdapters::SchemaStatements#table_exists?'
activerecord (8.1.2) lib/active_record/schema_migration.rb:55:in 'block in ActiveRecord::SchemaMigration#create_table'
activerecord (8.1.2) lib/active_record/connection_adapters/abstract/connection_pool.rb:463:in 'ActiveRecord::ConnectionAdapters::ConnectionPool#with_connection'
activerecord (8.1.2) lib/active_record/schema_migration.rb:54:in 'ActiveRecord::SchemaMigration#create_table'
activerecord (8.1.2) lib/active_record/migration.rb:1440:in 'ActiveRecord::Migrator#initialize'
activerecord (8.1.2) lib/active_record/migration.rb:1288:in 'ActiveRecord::MigrationContext#open'
activerecord (8.1.2) lib/active_record/migration.rb:763:in 'block (2 levels) in ActiveRecord::Migration.pending_migrations'
activerecord (8.1.2) lib/active_record/migration/pending_migration_connection.rb:8:in 'ActiveRecord::PendingMigrationConnection.with_temporary_pool'
activerecord (8.1.2) lib/active_record/migration.rb:762:in 'block in ActiveRecord::Migration.pending_migrations'
activerecord (8.1.2) lib/active_record/migration.rb:761:in 'Array#each'
activerecord (8.1.2) lib/active_record/migration.rb:761:in 'ActiveRecord::Migration.pending_migrations'
activerecord (8.1.2) lib/active_record/migration.rb:740:in 'ActiveRecord::Migration.check_pending_migrations'
activerecord (8.1.2) lib/active_record/migration.rb:660:in 'block (2 levels) in ActiveRecord::Migration::CheckPending#call'
activesupport (8.1.2) lib/active_support/file_update_checker.rb:88:in 'ActiveSupport::FileUpdateChecker#execute'
activerecord (8.1.2) lib/active_record/migration.rb:665:in 'block in ActiveRecord::Migration::CheckPending#call'
activerecord (8.1.2) lib/active_record/migration.rb:657:in 'Thread::Mutex#synchronize'
activerecord (8.1.2) lib/active_record/migration.rb:657:in 'ActiveRecord::Migration::CheckPending#call'
actionpack (8.1.2) lib/action_dispatch/middleware/callbacks.rb:31:in 'block in ActionDispatch::Callbacks#call'
activesupport (8.1.2) lib/active_support/callbacks.rb:101:in 'ActiveSupport::Callbacks#run_callbacks'
actionpack (8.1.2) lib/action_dispatch/middleware/callbacks.rb:30:in 'ActionDispatch::Callbacks#call'
actionpack (8.1.2) lib/action_dispatch/middleware/executor.rb:20:in 'ActionDispatch::Executor#call'
actionpack (8.1.2) lib/action_dispatch/middleware/actionable_exceptions.rb:18:in 'ActionDispatch::ActionableExceptions#call'
actionpack (8.1.2) lib/action_dispatch/middleware/debug_exceptions.rb:31:in 'ActionDispatch::DebugExceptions#call'
actionpack (8.1.2) lib/action_dispatch/middleware/show_exceptions.rb:32:in 'ActionDispatch::ShowExceptions#call'
railties (8.1.2) lib/rails/rack/logger.rb:41:in 'Rails::Rack::Logger#call_app'
railties (8.1.2) lib/rails/rack/logger.rb:29:in 'Rails::Rack::Logger#call'
actionpack (8.1.2) lib/action_dispatch/middleware/remote_ip.rb:98:in 'ActionDispatch::RemoteIp#call'
actionpack (8.1.2) lib/action_dispatch/middleware/request_id.rb:34:in 'ActionDispatch::RequestId#call'
rack (3.2.4) lib/rack/runtime.rb:24:in 'Rack::Runtime#call'
activesupport (8.1.2) lib/active_support/cache/strategy/local_cache_middleware.rb:30:in 'ActiveSupport::Cache::Strategy::LocalCache::Middleware#call'
actionpack (8.1.2) lib/action_dispatch/middleware/server_timing.rb:61:in 'block in ActionDispatch::ServerTiming#call'
actionpack (8.1.2) lib/action_dispatch/middleware/server_timing.rb:26:in 'ActionDispatch::ServerTiming::Subscriber#collect_events'
actionpack (8.1.2) lib/action_dispatch/middleware/server_timing.rb:60:in 'ActionDispatch::ServerTiming#call'
actionpack (8.1.2) lib/action_dispatch/middleware/executor.rb:20:in 'ActionDispatch::Executor#call'
actionpack (8.1.2) lib/action_dispatch/middleware/static.rb:27:in 'ActionDispatch::Static#call'
rack (3.2.4) lib/rack/sendfile.rb:131:in 'Rack::Sendfile#call'
actionpack (8.1.2) lib/action_dispatch/middleware/host_authorization.rb:143:in 'ActionDispatch::HostAuthorization#call'
railties (8.1.2) lib/rails/engine.rb:534:in 'Rails::Engine#call'
puma (7.1.0) lib/puma/configuration.rb:300:in 'Puma::Configuration::ConfigMiddleware#call'
puma (7.1.0) lib/puma/request.rb:101:in 'block in Puma::Request#handle_request'
puma (7.1.0) lib/puma/thread_pool.rb:355:in 'Puma::ThreadPool#with_force_shutdown'
puma (7.1.0) lib/puma/request.rb:100:in 'Puma::Request#handle_request'
puma (7.1.0) lib/puma/server.rb:503:in 'Puma::Server#process_client'
puma (7.1.0) lib/puma/server.rb:262:in 'block in Puma::Server#run'
puma (7.1.0) lib/puma/thread_pool.rb:182:in 'block in Puma::ThreadPool#spawn_thread'

Information for cause: PG::ConnectionBad (connection to server on socket "/tmp/.s.PGSQL.5432" failed: FATAL:  database "backend_development" does not exist
):
  
pg-1.6.3-arm64 (darwin) lib/pg/connection.rb:751:in 'PG::Connection::Pollable#polling_loop'
pg-1.6.3-arm64 (darwin) lib/pg/connection.rb:795:in 'PG::Connection#async_connect_or_reset'
pg-1.6.3-arm64 (darwin) lib/pg/connection.rb:951:in 'PG::Connection.connect_to_hosts'
pg-1.6.3-arm64 (darwin) lib/pg/connection.rb:871:in 'PG::Connection.new'
pg-1.6.3-arm64 (darwin) lib/pg.rb:88:in 'PG.connect'
activerecord (8.1.2) lib/active_record/connection_adapters/postgresql_adapter.rb:58:in 'ActiveRecord::ConnectionAdapters::PostgreSQLAdapter.new_client'
activerecord (8.1.2) lib/active_record/connection_adapters/postgresql_adapter.rb:960:in 'ActiveRecord::ConnectionAdapters::PostgreSQLAdapter#connect'
activerecord (8.1.2) lib/active_record/connection_adapters/postgresql_adapter.rb:972:in 'ActiveRecord::ConnectionAdapters::PostgreSQLAdapter#reconnect'
activerecord (8.1.2) lib/active_record/connection_adapters/abstract_adapter.rb:719:in 'block (2 levels) in ActiveRecord::ConnectionAdapters::AbstractAdapter#reconnect!'
activerecord (8.1.2) lib/active_record/connection_adapters/abstract_adapter.rb:1290:in 'ActiveRecord::ConnectionAdapters::AbstractAdapter#attempt_configure_connection'
activerecord (8.1.2) lib/active_record/connection_adapters/abstract_adapter.rb:716:in 'block in ActiveRecord::ConnectionAdapters::AbstractAdapter#reconnect!'
activesupport (8.1.2) lib/active_support/concurrency/null_lock.rb:9:in 'ActiveSupport::Concurrency::NullLock#synchronize'
activerecord (8.1.2) lib/active_record/connection_adapters/abstract_adapter.rb:715:in 'ActiveRecord::ConnectionAdapters::AbstractAdapter#reconnect!'
activerecord (8.1.2) lib/active_record/connection_adapters/abstract_adapter.rb:830:in 'block in ActiveRecord::ConnectionAdapters::AbstractAdapter#verify!'
activesupport (8.1.2) lib/active_support/concurrency/null_lock.rb:9:in 'ActiveSupport::Concurrency::NullLock#synchronize'
activerecord (8.1.2) lib/active_record/connection_adapters/abstract_adapter.rb:817:in 'ActiveRecord::ConnectionAdapters::AbstractAdapter#verify!'
activerecord (8.1.2) lib/active_record/connection_adapters/abstract_adapter.rb:839:in 'ActiveRecord::ConnectionAdapters::AbstractAdapter#connect!'
activerecord (8.1.2) lib/active_record/connection_adapters/abstract_adapter.rb:1056:in 'block in ActiveRecord::ConnectionAdapters::AbstractAdapter#with_raw_connection'
activesupport (8.1.2) lib/active_support/concurrency/null_lock.rb:9:in 'ActiveSupport::Concurrency::NullLock#synchronize'
activerecord (8.1.2) lib/active_record/connection_adapters/abstract_adapter.rb:1055:in 'ActiveRecord::ConnectionAdapters::AbstractAdapter#with_raw_connection'
activerecord (8.1.2) lib/active_record/connection_adapters/postgresql/quoting.rb:128:in 'ActiveRecord::ConnectionAdapters::PostgreSQL::Quoting#quote_string'
activerecord (8.1.2) lib/active_record/connection_adapters/abstract/quoting.rb:75:in 'ActiveRecord::ConnectionAdapters::Quoting#quote'
activerecord (8.1.2) lib/active_record/connection_adapters/postgresql/quoting.rb:122:in 'ActiveRecord::ConnectionAdapters::PostgreSQL::Quoting#quote'
activerecord (8.1.2) lib/active_record/connection_adapters/postgresql/schema_statements.rb:1180:in 'ActiveRecord::ConnectionAdapters::PostgreSQL::SchemaStatements#quoted_scope'
activerecord (8.1.2) lib/active_record/connection_adapters/postgresql/schema_statements.rb:1157:in 'ActiveRecord::ConnectionAdapters::PostgreSQL::SchemaStatements#data_source_sql'
activerecord (8.1.2) lib/active_record/connection_adapters/abstract/schema_statements.rb:61:in 'ActiveRecord::ConnectionAdapters::SchemaStatements#table_exists?'
activerecord (8.1.2) lib/active_record/schema_migration.rb:55:in 'block in ActiveRecord::SchemaMigration#create_table'
activerecord (8.1.2) lib/active_record/connection_adapters/abstract/connection_pool.rb:463:in 'ActiveRecord::ConnectionAdapters::ConnectionPool#with_connection'
activerecord (8.1.2) lib/active_record/schema_migration.rb:54:in 'ActiveRecord::SchemaMigration#create_table'
activerecord (8.1.2) lib/active_record/migration.rb:1440:in 'ActiveRecord::Migrator#initialize'
activerecord (8.1.2) lib/active_record/migration.rb:1288:in 'ActiveRecord::MigrationContext#open'
activerecord (8.1.2) lib/active_record/migration.rb:763:in 'block (2 levels) in ActiveRecord::Migration.pending_migrations'
activerecord (8.1.2) lib/active_record/migration/pending_migration_connection.rb:8:in 'ActiveRecord::PendingMigrationConnection.with_temporary_pool'
activerecord (8.1.2) lib/active_record/migration.rb:762:in 'block in ActiveRecord::Migration.pending_migrations'
activerecord (8.1.2) lib/active_record/migration.rb:761:in 'Array#each'
activerecord (8.1.2) lib/active_record/migration.rb:761:in 'ActiveRecord::Migration.pending_migrations'
activerecord (8.1.2) lib/active_record/migration.rb:740:in 'ActiveRecord::Migration.check_pending_migrations'
activerecord (8.1.2) lib/active_record/migration.rb:660:in 'block (2 levels) in ActiveRecord::Migration::CheckPending#call'
activesupport (8.1.2) lib/active_support/file_update_checker.rb:88:in 'ActiveSupport::FileUpdateChecker#execute'
activerecord (8.1.2) lib/active_record/migration.rb:665:in 'block in ActiveRecord::Migration::CheckPending#call'
activerecord (8.1.2) lib/active_record/migration.rb:657:in 'Thread::Mutex#synchronize'
activerecord (8.1.2) lib/active_record/migration.rb:657:in 'ActiveRecord::Migration::CheckPending#call'
actionpack (8.1.2) lib/action_dispatch/middleware/callbacks.rb:31:in 'block in ActionDispatch::Callbacks#call'
activesupport (8.1.2) lib/active_support/callbacks.rb:101:in 'ActiveSupport::Callbacks#run_callbacks'
actionpack (8.1.2) lib/action_dispatch/middleware/callbacks.rb:30:in 'ActionDispatch::Callbacks#call'
actionpack (8.1.2) lib/action_dispatch/middleware/executor.rb:20:in 'ActionDispatch::Executor#call'
actionpack (8.1.2) lib/action_dispatch/middleware/actionable_exceptions.rb:18:in 'ActionDispatch::ActionableExceptions#call'
actionpack (8.1.2) lib/action_dispatch/middleware/debug_exceptions.rb:31:in 'ActionDispatch::DebugExceptions#call'
actionpack (8.1.2) lib/action_dispatch/middleware/show_exceptions.rb:32:in 'ActionDispatch::ShowExceptions#call'
railties (8.1.2) lib/rails/rack/logger.rb:41:in 'Rails::Rack::Logger#call_app'
railties (8.1.2) lib/rails/rack/logger.rb:29:in 'Rails::Rack::Logger#call'
actionpack (8.1.2) lib/action_dispatch/middleware/remote_ip.rb:98:in 'ActionDispatch::RemoteIp#call'
actionpack (8.1.2) lib/action_dispatch/middleware/request_id.rb:34:in 'ActionDispatch::RequestId#call'
rack (3.2.4) lib/rack/runtime.rb:24:in 'Rack::Runtime#call'
activesupport (8.1.2) lib/active_support/cache/strategy/local_cache_middleware.rb:30:in 'ActiveSupport::Cache::Strategy::LocalCache::Middleware#call'
actionpack (8.1.2) lib/action_dispatch/middleware/server_timing.rb:61:in 'block in ActionDispatch::ServerTiming#call'
actionpack (8.1.2) lib/action_dispatch/middleware/server_timing.rb:26:in 'ActionDispatch::ServerTiming::Subscriber#collect_events'
actionpack (8.1.2) lib/action_dispatch/middleware/server_timing.rb:60:in 'ActionDispatch::ServerTiming#call'
actionpack (8.1.2) lib/action_dispatch/middleware/executor.rb:20:in 'ActionDispatch::Executor#call'
actionpack (8.1.2) lib/action_dispatch/middleware/static.rb:27:in 'ActionDispatch::Static#call'
rack (3.2.4) lib/rack/sendfile.rb:131:in 'Rack::Sendfile#call'
actionpack (8.1.2) lib/action_dispatch/middleware/host_authorization.rb:143:in 'ActionDispatch::HostAuthorization#call'
railties (8.1.2) lib/rails/engine.rb:534:in 'Rails::Engine#call'
puma (7.1.0) lib/puma/configuration.rb:300:in 'Puma::Configuration::ConfigMiddleware#call'
puma (7.1.0) lib/puma/request.rb:101:in 'block in Puma::Request#handle_request'
puma (7.1.0) lib/puma/thread_pool.rb:355:in 'Puma::ThreadPool#with_force_shutdown'
puma (7.1.0) lib/puma/request.rb:100:in 'Puma::Request#handle_request'
puma (7.1.0) lib/puma/server.rb:503:in 'Puma::Server#process_client'
puma (7.1.0) lib/puma/server.rb:262:in 'block in Puma::Server#run'
puma (7.1.0) lib/puma/thread_pool.rb:182:in 'block in Puma::ThreadPool#spawn_thread'
  [1m[35mSQL (0.1ms)[0m  [1m[35mSET search_path TO public /*application='Backend'*/[0m
  [1m[35m (56.3ms)[0m  [1m[35mCREATE DATABASE "backend_development" ENCODING = 'unicode' /*application='Backend'*/[0m
  [1m[35mSQL (0.0ms)[0m  [1m[35mSET search_path TO public /*application='Backend'*/[0m
  [1m[35m (33.7ms)[0m  [1m[35mCREATE DATABASE "backend_test" ENCODING = 'unicode' /*application='Backend'*/[0m
Started GET "/" for ::1 at 2026-01-09 22:41:47 -0500
  [1m[35m (5.0ms)[0m  [1m[35mCREATE TABLE "schema_migrations" ("version" character varying NOT NULL PRIMARY KEY) /*application='Backend'*/[0m
  [1m[35m (2.0ms)[0m  [1m[35mCREATE TABLE "ar_internal_metadata" ("key" character varying NOT NULL PRIMARY KEY, "value" character varying, "created_at" timestamp(6) NOT NULL, "updated_at" timestamp(6) NOT NULL) /*application='Backend'*/[0m
  [1m[36mActiveRecord::SchemaMigration Load (1.0ms)[0m  [1m[34mSELECT "schema_migrations"."version" FROM "schema_migrations" ORDER BY "schema_migrations"."version" ASC /*application='Backend'*/[0m
Processing by HealthCheckController#hello as HTML
Completed 200 OK in 1ms (Views: 0.1ms | ActiveRecord: 0.0ms (0 queries, 0 cached) | GC: 0.0ms)


Started GET "/" for ::1 at 2026-01-09 22:50:41 -0500
  [1m[36mActiveRecord::SchemaMigration Load (0.6ms)[0m  [1m[34mSELECT "schema_migrations"."version" FROM "schema_migrations" ORDER BY "schema_migrations"."version" ASC /*application='Backend'*/[0m
Processing by HealthCheckController#hello as HTML
Completed 200 OK in 2ms (Views: 0.1ms | ActiveRecord: 0.0ms (0 queries, 0 cached) | GC: 0.0ms)


Started GET "/up" for ::1 at 2026-01-09 22:50:45 -0500
Processing by Rails::HealthController#show as HTML
  Rendering html template
  Rendered html template (Duration: 0.0ms | GC: 0.0ms)
Completed 200 OK in 11ms (Views: 3.8ms | ActiveRecord: 0.0ms (0 queries, 0 cached) | GC: 0.0ms)


